<?xml version="1.0" encoding="UTF-8"?>
<!-- Generated by org.testng.reporters.JUnitReportReporter -->
<testsuite hostname="DESKTOP-REJ3M5T" failures="0" tests="1" name="com.dennismamyala.automation.My_First_Project.BookAppointment" time="79.668" errors="0" timestamp="2025-06-27T12:11:28 SAST" skipped="0">
  <testcase classname="com.dennismamyala.automation.My_First_Project.BookAppointment" name="bookAppointmentTest" time="79.668"/>
</testsuite> <!-- com.dennismamyala.automation.My_First_Project.BookAppointment -->
