<?xml version="1.0" encoding="UTF-8"?>
<!-- Generated by org.testng.reporters.JUnitReportReporter -->
<testsuite hostname="DESKTOP-REJ3M5T" failures="0" tests="8" name="com.dennismamyala.automation.My_First_Project.BookAppointment" time="359.170" errors="0" timestamp="2025-06-27T21:38:17 SAST" skipped="0">
  <testcase classname="com.dennismamyala.automation.My_First_Project.BookAppointment" name="testNavigateToProfileFromHistory" time="34.241"/>
  <testcase classname="com.dennismamyala.automation.My_First_Project.BookAppointment" name="testLogoutFromProfileUsingBurgerMenu" time="54.632"/>
  <testcase classname="com.dennismamyala.automation.My_First_Project.BookAppointment" name="testNavigateToHistoryFromProfile" time="51.324"/>
  <testcase classname="com.dennismamyala.automation.My_First_Project.BookAppointment" name="bookAppointmentTest" time="65.018"/>
  <testcase classname="com.dennismamyala.automation.My_First_Project.BookAppointment" name="testLogoutFromHomepage" time="36.334"/>
  <testcase classname="com.dennismamyala.automation.My_First_Project.BookAppointment" name="testLogoutFromProfileUsingLogoutBtn" time="33.981"/>
  <testcase classname="com.dennismamyala.automation.My_First_Project.BookAppointment" name="testNavigateToProfileFromAppointmentForm" time="34.955"/>
  <testcase classname="com.dennismamyala.automation.My_First_Project.BookAppointment" name="testNavigateToHistoryFromAppointmentForm" time="48.685"/>
</testsuite> <!-- com.dennismamyala.automation.My_First_Project.BookAppointment -->
