<?xml version="1.0" encoding="UTF-8"?>
<!-- Generated by org.testng.reporters.JUnitReportReporter -->
<testsuite hostname="DESKTOP-REJ3M5T" failures="0" tests="10" name="com.dennismamyala.automation.My_First_Project.BookAppointment" time="611.588" errors="0" timestamp="2025-07-03T15:44:29 SAST" skipped="0">
  <testcase classname="com.dennismamyala.automation.My_First_Project.BookAppointment" name="testLogoutFromProfileUsingBurgerMenu" time="45.698"/>
  <testcase classname="com.dennismamyala.automation.My_First_Project.BookAppointment" name="testLogoutFromHomepage" time="59.829"/>
  <testcase classname="com.dennismamyala.automation.My_First_Project.BookAppointment" name="testNavigateToHistoryFromAppointmentForm" time="48.816"/>
  <testcase classname="com.dennismamyala.automation.My_First_Project.BookAppointment" name="testNavigateToProfileFromAppointmentForm" time="34.244"/>
  <testcase classname="com.dennismamyala.automation.My_First_Project.BookAppointment" name="bookAppointmentTest" time="124.146"/>
  <testcase classname="com.dennismamyala.automation.My_First_Project.BookAppointment" name="testNavigateToHistoryFromProfile" time="70.852"/>
  <testcase classname="com.dennismamyala.automation.My_First_Project.BookAppointment" name="testLogoutFromProfileUsingLogoutBtn" time="48.218"/>
  <testcase classname="com.dennismamyala.automation.My_First_Project.BookAppointment" name="bookAppointmentTest" time="64.892"/>
  <testcase classname="com.dennismamyala.automation.My_First_Project.BookAppointment" name="bookAppointmentTest" time="65.758"/>
  <testcase classname="com.dennismamyala.automation.My_First_Project.BookAppointment" name="testNavigateToProfileFromHistory" time="49.135"/>
</testsuite> <!-- com.dennismamyala.automation.My_First_Project.BookAppointment -->
