<?xml version="1.0" encoding="UTF-8"?>
<!-- Generated by org.testng.reporters.JUnitReportReporter -->
<testsuite hostname="DESKTOP-REJ3M5T" failures="0" tests="10" name="com.dennismamyala.automation.My_First_Project.BookAppointment" time="405.318" errors="0" timestamp="2025-09-02T11:57:46 SAST" skipped="0">
  <testcase classname="com.dennismamyala.automation.My_First_Project.BookAppointment" name="bookAppointmentTest" time="53.880"/>
  <testcase classname="com.dennismamyala.automation.My_First_Project.BookAppointment" name="testLogoutFromHomepage" time="33.388"/>
  <testcase classname="com.dennismamyala.automation.My_First_Project.BookAppointment" name="testLogoutFromProfileUsingLogoutBtn" time="37.796"/>
  <testcase classname="com.dennismamyala.automation.My_First_Project.BookAppointment" name="bookAppointmentTest" time="58.775"/>
  <testcase classname="com.dennismamyala.automation.My_First_Project.BookAppointment" name="testNavigateToHistoryFromAppointmentForm" time="36.073"/>
  <testcase classname="com.dennismamyala.automation.My_First_Project.BookAppointment" name="testNavigateToProfileFromHistory" time="31.509"/>
  <testcase classname="com.dennismamyala.automation.My_First_Project.BookAppointment" name="bookAppointmentTest" time="56.598"/>
  <testcase classname="com.dennismamyala.automation.My_First_Project.BookAppointment" name="testNavigateToHistoryFromProfile" time="32.242"/>
  <testcase classname="com.dennismamyala.automation.My_First_Project.BookAppointment" name="testLogoutFromProfileUsingBurgerMenu" time="35.471"/>
  <testcase classname="com.dennismamyala.automation.My_First_Project.BookAppointment" name="testNavigateToProfileFromAppointmentForm" time="29.586"/>
</testsuite> <!-- com.dennismamyala.automation.My_First_Project.BookAppointment -->
