<?xml version="1.0" encoding="UTF-8"?>
<!-- Generated by org.testng.reporters.JUnitReportReporter -->
<testsuite hostname="DESKTOP-REJ3M5T" failures="0" tests="2" name="com.dennismamyala.automation.My_First_Project.ErrorValidationTest" time="55.055" errors="0" timestamp="2025-06-27T12:11:28 SAST" skipped="0">
  <testcase classname="com.dennismamyala.automation.My_First_Project.ErrorValidationTest" name="bookingErrorValidation" time="26.151"/>
  <testcase classname="com.dennismamyala.automation.My_First_Project.ErrorValidationTest" name="loginErrorValidation" time="28.904"/>
</testsuite> <!-- com.dennismamyala.automation.My_First_Project.ErrorValidationTest -->
