<?xml version="1.0" encoding="UTF-8"?>
<!-- Generated by org.testng.reporters.JUnitReportReporter -->
<testsuite hostname="DESKTOP-REJ3M5T" failures="0" tests="2" name="com.dennismamyala.automation.My_First_Project.ErrorValidationTest" time="71.253" errors="0" timestamp="2025-06-27T20:13:17 SAST" skipped="0">
  <testcase classname="com.dennismamyala.automation.My_First_Project.ErrorValidationTest" name="loginErrorValidation" time="40.762"/>
  <testcase classname="com.dennismamyala.automation.My_First_Project.ErrorValidationTest" name="bookingErrorValidation" time="30.491"/>
</testsuite> <!-- com.dennismamyala.automation.My_First_Project.ErrorValidationTest -->
